[0.463s] Invoking command in '/home/kalu/ros2_ws/src/turtle_autonomy': PYTHONPATH=/home/kalu/ros2_ws/build/turtle_autonomy/prefix_override:/usr/lib/python3/dist-packages/colcon_core/task/python/colcon_distutils_commands:/home/kalu/ros2_ws/install/turtle_autonomy/lib/python3.10/site-packages:${PYTHONPATH} /usr/bin/python3 -W ignore:setup.py install is deprecated -W ignore:easy_install command is deprecated setup.py egg_info --egg-base ../../build/turtle_autonomy build --build-base /home/kalu/ros2_ws/build/turtle_autonomy/build install --record /home/kalu/ros2_ws/build/turtle_autonomy/install.log --single-version-externally-managed install_data
[0.601s] running egg_info
[0.601s] creating ../../build/turtle_autonomy/turtle_autonomy.egg-info
[0.601s] writing ../../build/turtle_autonomy/turtle_autonomy.egg-info/PKG-INFO
[0.601s] writing dependency_links to ../../build/turtle_autonomy/turtle_autonomy.egg-info/dependency_links.txt
[0.601s] writing entry points to ../../build/turtle_autonomy/turtle_autonomy.egg-info/entry_points.txt
[0.601s] writing requirements to ../../build/turtle_autonomy/turtle_autonomy.egg-info/requires.txt
[0.601s] writing top-level names to ../../build/turtle_autonomy/turtle_autonomy.egg-info/top_level.txt
[0.601s] writing manifest file '../../build/turtle_autonomy/turtle_autonomy.egg-info/SOURCES.txt'
[0.602s] reading manifest file '../../build/turtle_autonomy/turtle_autonomy.egg-info/SOURCES.txt'
[0.603s] writing manifest file '../../build/turtle_autonomy/turtle_autonomy.egg-info/SOURCES.txt'
[0.603s] running build
[0.603s] running build_py
[0.603s] creating /home/kalu/ros2_ws/build/turtle_autonomy/build
[0.603s] creating /home/kalu/ros2_ws/build/turtle_autonomy/build/lib
[0.603s] creating /home/kalu/ros2_ws/build/turtle_autonomy/build/lib/turtle_autonomy
[0.603s] copying turtle_autonomy/autonomy_node.py -> /home/kalu/ros2_ws/build/turtle_autonomy/build/lib/turtle_autonomy
[0.603s] copying turtle_autonomy/odometry_node.py -> /home/kalu/ros2_ws/build/turtle_autonomy/build/lib/turtle_autonomy
[0.603s] copying turtle_autonomy/__init__.py -> /home/kalu/ros2_ws/build/turtle_autonomy/build/lib/turtle_autonomy
[0.603s] running install
[0.603s] running install_lib
[0.604s] creating /home/kalu/ros2_ws/install/turtle_autonomy/lib/python3.10/site-packages/turtle_autonomy
[0.604s] copying /home/kalu/ros2_ws/build/turtle_autonomy/build/lib/turtle_autonomy/autonomy_node.py -> /home/kalu/ros2_ws/install/turtle_autonomy/lib/python3.10/site-packages/turtle_autonomy
[0.604s] copying /home/kalu/ros2_ws/build/turtle_autonomy/build/lib/turtle_autonomy/odometry_node.py -> /home/kalu/ros2_ws/install/turtle_autonomy/lib/python3.10/site-packages/turtle_autonomy
[0.604s] copying /home/kalu/ros2_ws/build/turtle_autonomy/build/lib/turtle_autonomy/__init__.py -> /home/kalu/ros2_ws/install/turtle_autonomy/lib/python3.10/site-packages/turtle_autonomy
[0.604s] byte-compiling /home/kalu/ros2_ws/install/turtle_autonomy/lib/python3.10/site-packages/turtle_autonomy/autonomy_node.py to autonomy_node.cpython-310.pyc
[0.605s] byte-compiling /home/kalu/ros2_ws/install/turtle_autonomy/lib/python3.10/site-packages/turtle_autonomy/odometry_node.py to odometry_node.cpython-310.pyc
[0.605s] byte-compiling /home/kalu/ros2_ws/install/turtle_autonomy/lib/python3.10/site-packages/turtle_autonomy/__init__.py to __init__.cpython-310.pyc
[0.605s] running install_data
[0.605s] creating /home/kalu/ros2_ws/install/turtle_autonomy/share/ament_index
[0.605s] creating /home/kalu/ros2_ws/install/turtle_autonomy/share/ament_index/resource_index
[0.605s] creating /home/kalu/ros2_ws/install/turtle_autonomy/share/ament_index/resource_index/packages
[0.605s] copying resource/turtle_autonomy -> /home/kalu/ros2_ws/install/turtle_autonomy/share/ament_index/resource_index/packages
[0.605s] copying package.xml -> /home/kalu/ros2_ws/install/turtle_autonomy/share/turtle_autonomy
[0.606s] running install_egg_info
[0.607s] Copying ../../build/turtle_autonomy/turtle_autonomy.egg-info to /home/kalu/ros2_ws/install/turtle_autonomy/lib/python3.10/site-packages/turtle_autonomy-0.0.0-py3.10.egg-info
[0.607s] running install_scripts
[0.620s] Installing autonomy_node script to /home/kalu/ros2_ws/install/turtle_autonomy/lib/turtle_autonomy
[0.620s] Installing odometry_node script to /home/kalu/ros2_ws/install/turtle_autonomy/lib/turtle_autonomy
[0.620s] writing list of installed files to '/home/kalu/ros2_ws/build/turtle_autonomy/install.log'
[0.635s] Invoked command in '/home/kalu/ros2_ws/src/turtle_autonomy' returned '0': PYTHONPATH=/home/kalu/ros2_ws/build/turtle_autonomy/prefix_override:/usr/lib/python3/dist-packages/colcon_core/task/python/colcon_distutils_commands:/home/kalu/ros2_ws/install/turtle_autonomy/lib/python3.10/site-packages:${PYTHONPATH} /usr/bin/python3 -W ignore:setup.py install is deprecated -W ignore:easy_install command is deprecated setup.py egg_info --egg-base ../../build/turtle_autonomy build --build-base /home/kalu/ros2_ws/build/turtle_autonomy/build install --record /home/kalu/ros2_ws/build/turtle_autonomy/install.log --single-version-externally-managed install_data
